<?xml version="1.0" encoding="UTF-8"?>
<!-- Generated by org.testng.reporters.JUnitReportReporter -->
<testsuite hostname="MLBBTL-111202" failures="0" tests="1" name="restRunners.GmailRunner" time="37.425" errors="1" timestamp="2023-11-23T18:34:06 IST" skipped="0">
  <testcase classname="restRunners.GmailRunner" name="runScenario" time="37.425">
    <error message="Cannot invoke &quot;com.aventstack.extentreports.ExtentTest.fail(com.aventstack.extentreports.markuputils.Markup)&quot; because &quot;extentTest&quot; is null" type="java.lang.NullPointerException">
      <![CDATA[java.lang.NullPointerException: Cannot invoke "com.aventstack.extentreports.ExtentTest.fail(com.aventstack.extentreports.markuputils.Markup)" because "extentTest" is null
at com.Listeners.ExtentReportListeners.testStepHandle(ExtentReportListeners.java:45)
at com.utils.WebDriverExtension.WaitAndclick(WebDriverExtension.java:44)
at pages.GmailPage.clickOntheLinks(GmailPage.java:28)
at stepDefinitions.login1.user_click_on_link(login1.java:21)
at ✽.User Click on 'Gmai' link(file:///C:/Users/Administrator/eclipse-workspace/Framework/Features/gmail/test.feature:8)
]]>
    </error>
  </testcase> <!-- runScenario -->
  <system-out/>
</testsuite> <!-- restRunners.GmailRunner -->
