<?xml version="1.0" encoding="UTF-8"?>
<testng-results ignored="0" total="1" passed="0" failed="1" skipped="0">
  <reporter-output>
  </reporter-output>
  <suite started-at="2023-11-23T18:33:26 IST" name="Default suite" finished-at="2023-11-23T18:34:06 IST" duration-ms="40071">
    <groups>
      <group name="cucumber">
        <method signature="AbstractTestNGCucumberTests.runScenario(io.cucumber.testng.PickleWrapper, io.cucumber.testng.FeatureWrapper)[pri:0, instance:restRunners.GmailRunner@4c1909a3]" name="runScenario" class="io.cucumber.testng.AbstractTestNGCucumberTests"/>
      </group> <!-- cucumber -->
    </groups>
    <test started-at="2023-11-23T18:33:26 IST" name="Default test" finished-at="2023-11-23T18:34:06 IST" duration-ms="40071">
      <class name="restRunners.GmailRunner">
        <test-method is-config="true" signature="setUpClass(org.testng.ITestContext)[pri:0, instance:restRunners.GmailRunner@4c1909a3]" started-at="2023-11-23T18:33:26 IST" name="setUpClass" finished-at="2023-11-23T18:33:27 IST" duration-ms="1460" status="PASS">
          <params>
            <param index="0">
              <value>
                <![CDATA[org.testng.TestRunner@2fc7fa6e]]>
              </value>
            </param>
          </params>
          <reporter-output>
          </reporter-output>
        </test-method> <!-- setUpClass -->
        <test-method signature="runScenario(io.cucumber.testng.PickleWrapper, io.cucumber.testng.FeatureWrapper)[pri:0, instance:restRunners.GmailRunner@4c1909a3]" started-at="2023-11-23T18:33:27 IST" name="runScenario" description="Runs Cucumber Scenarios" data-provider="scenarios" finished-at="2023-11-23T18:34:05 IST" duration-ms="37425" status="FAIL">
          <params>
            <param index="0">
              <value>
                <![CDATA["Title of your scenario"]]>
              </value>
            </param>
            <param index="1">
              <value>
                <![CDATA["Title of your feature"]]>
              </value>
            </param>
          </params>
          <exception class="java.lang.NullPointerException">
            <message>
              <![CDATA[Cannot invoke "com.aventstack.extentreports.ExtentTest.fail(com.aventstack.extentreports.markuputils.Markup)" because "extentTest" is null]]>
            </message>
            <full-stacktrace>
              <![CDATA[java.lang.NullPointerException: Cannot invoke "com.aventstack.extentreports.ExtentTest.fail(com.aventstack.extentreports.markuputils.Markup)" because "extentTest" is null
at com.Listeners.ExtentReportListeners.testStepHandle(ExtentReportListeners.java:45)
at com.utils.WebDriverExtension.WaitAndclick(WebDriverExtension.java:44)
at pages.GmailPage.clickOntheLinks(GmailPage.java:28)
at stepDefinitions.login1.user_click_on_link(login1.java:21)
at ✽.User Click on 'Gmai' link(file:///C:/Users/Administrator/eclipse-workspace/Framework/Features/gmail/test.feature:8)
]]>
            </full-stacktrace>
          </exception> <!-- java.lang.NullPointerException -->
          <reporter-output>
          </reporter-output>
        </test-method> <!-- runScenario -->
        <test-method is-config="true" signature="tearDownClass()[pri:0, instance:restRunners.GmailRunner@4c1909a3]" started-at="2023-11-23T18:34:05 IST" name="tearDownClass" finished-at="2023-11-23T18:34:06 IST" duration-ms="1131" status="PASS">
          <reporter-output>
          </reporter-output>
        </test-method> <!-- tearDownClass -->
      </class> <!-- restRunners.GmailRunner -->
    </test> <!-- Default test -->
  </suite> <!-- Default suite -->
</testng-results>
